# JRE version: Java(TM) SE Runtime Environment (8.0_202-b08) (build 1.8.0_202-b08)
# Java VM: Java HotSpot(TM) 64-Bit Server VM (25.202-b08 mixed mode windows-amd64 compressed oops)
Heap:
 PSYoungGen      total 237568K, used 106913K [0x00000000d8d00000, 0x00000000e8a00000, 0x0000000100000000)
  eden space 222208K, 48% used [0x00000000d8d00000,0x00000000df568490,0x00000000e6600000)
  from space 15360K, 0% used [0x00000000e7b00000,0x00000000e7b00000,0x00000000e8a00000)
  to   space 18432K, 0% used [0x00000000e6600000,0x00000000e6600000,0x00000000e7800000)
 ParOldGen       total 205312K, used 52384K [0x000000008a600000, 0x0000000096e80000, 0x00000000d8d00000)
  object space 205312K, 25% used [0x000000008a600000,0x000000008d9281e0,0x0000000096e80000)
 Metaspace       used 59948K, capacity 60891K, committed 61184K, reserved 1101824K
  class space    used 8186K, capacity 8413K, committed 8448K, reserved 1048576K
GC Heap History (10 events):
Event: 7.803 GC heap before
{Heap before GC invocations=15 (full 2):
 PSYoungGen      total 189440K, used 182390K [0x00000000d8d00000, 0x00000000e5a80000, 0x0000000100000000)
  eden space 176640K, 100% used [0x00000000d8d00000,0x00000000e3980000,0x00000000e3980000)
  from space 12800K, 44% used [0x00000000e4e00000,0x00000000e539db70,0x00000000e5a80000)
  to   space 16896K, 0% used [0x00000000e3980000,0x00000000e3980000,0x00000000e4a00000)
 ParOldGen       total 150528K, used 40019K [0x000000008a600000, 0x0000000093900000, 0x00000000d8d00000)
  object space 150528K, 26% used [0x000000008a600000,0x000000008cd14e30,0x0000000093900000)
 Metaspace       used 44481K, capacity 45043K, committed 45440K, reserved 1089536K
  class space    used 6056K, capacity 6221K, committed 6272K, reserved 1048576K
Event: 7.806 GC heap after
Heap after GC invocations=15 (full 2):
 PSYoungGen      total 193536K, used 6105K [0x00000000d8d00000, 0x00000000e7200000, 0x0000000100000000)
  eden space 176640K, 0% used [0x00000000d8d00000,0x00000000d8d00000,0x00000000e3980000)
  from space 16896K, 36% used [0x00000000e3980000,0x00000000e3f76440,0x00000000e4a00000)
  to   space 16896K, 0% used [0x00000000e6180000,0x00000000e6180000,0x00000000e7200000)
 ParOldGen       total 150528K, used 40027K [0x000000008a600000, 0x0000000093900000, 0x00000000d8d00000)
  object space 150528K, 26% used [0x000000008a600000,0x000000008cd16e30,0x0000000093900000)
 Metaspace       used 44481K, capacity 45043K, committed 45440K, reserved 1089536K
  class space    used 6056K, capacity 6221K, committed 6272K, reserved 1048576K
}
Event: 8.194 GC heap before
{Heap before GC invocations=16 (full 2):
 PSYoungGen      total 193536K, used 182745K [0x00000000d8d00000, 0x00000000e7200000, 0x0000000100000000)
  eden space 176640K, 100% used [0x00000000d8d00000,0x00000000e3980000,0x00000000e3980000)
  from space 16896K, 36% used [0x00000000e3980000,0x00000000e3f76440,0x00000000e4a00000)
  to   space 16896K, 0% used [0x00000000e6180000,0x00000000e6180000,0x00000000e7200000)
 ParOldGen       total 150528K, used 40027K [0x000000008a600000, 0x0000000093900000, 0x00000000d8d00000)
  object space 150528K, 26% used [0x000000008a600000,0x000000008cd16e30,0x0000000093900000)
 Metaspace       used 48441K, capacity 49067K, committed 49664K, reserved 1091584K
  class space    used 6638K, capacity 6815K, committed 6912K, reserved 1048576K
Event: 8.200 GC heap after
Heap after GC invocations=16 (full 2):
 PSYoungGen      total 216576K, used 10376K [0x00000000d8d00000, 0x00000000e7100000, 0x0000000100000000)
  eden space 200704K, 0% used [0x00000000d8d00000,0x00000000d8d00000,0x00000000e5100000)
  from space 15872K, 65% used [0x00000000e6180000,0x00000000e6ba2200,0x00000000e7100000)
  to   space 16384K, 0% used [0x00000000e5100000,0x00000000e5100000,0x00000000e6100000)
 ParOldGen       total 150528K, used 40035K [0x000000008a600000, 0x0000000093900000, 0x00000000d8d00000)
  object space 150528K, 26% used [0x000000008a600000,0x000000008cd18e30,0x0000000093900000)
 Metaspace       used 48441K, capacity 49067K, committed 49664K, reserved 1091584K
  class space    used 6638K, capacity 6815K, committed 6912K, reserved 1048576K
}
Event: 8.685 GC heap before
{Heap before GC invocations=17 (full 2):
 PSYoungGen      total 216576K, used 211080K [0x00000000d8d00000, 0x00000000e7100000, 0x0000000100000000)
  eden space 200704K, 100% used [0x00000000d8d00000,0x00000000e5100000,0x00000000e5100000)
  from space 15872K, 65% used [0x00000000e6180000,0x00000000e6ba2200,0x00000000e7100000)
  to   space 16384K, 0% used [0x00000000e5100000,0x00000000e5100000,0x00000000e6100000)
 ParOldGen       total 150528K, used 40035K [0x000000008a600000, 0x0000000093900000, 0x00000000d8d00000)
  object space 150528K, 26% used [0x000000008a600000,0x000000008cd18e30,0x0000000093900000)
 Metaspace       used 52671K, capacity 53335K, committed 53888K, reserved 1095680K
  class space    used 7296K, capacity 7480K, committed 7552K, reserved 1048576K
Event: 8.691 GC heap after
Heap after GC invocations=17 (full 2):
 PSYoungGen      total 217088K, used 12621K [0x00000000d8d00000, 0x00000000e8b80000, 0x0000000100000000)
  eden space 200704K, 0% used [0x00000000d8d00000,0x00000000d8d00000,0x00000000e5100000)
  from space 16384K, 77% used [0x00000000e5100000,0x00000000e5d53440,0x00000000e6100000)
  to   space 16896K, 0% used [0x00000000e7b00000,0x00000000e7b00000,0x00000000e8b80000)
 ParOldGen       total 150528K, used 40043K [0x000000008a600000, 0x0000000093900000, 0x00000000d8d00000)
  object space 150528K, 26% used [0x000000008a600000,0x000000008cd1ae30,0x0000000093900000)
 Metaspace       used 52671K, capacity 53335K, committed 53888K, reserved 1095680K
  class space    used 7296K, capacity 7480K, committed 7552K, reserved 1048576K
}
Event: 13.419 GC heap before
{Heap before GC invocations=18 (full 2):
 PSYoungGen      total 217088K, used 212413K [0x00000000d8d00000, 0x00000000e8b80000, 0x0000000100000000)
  eden space 200704K, 99% used [0x00000000d8d00000,0x00000000e501c120,0x00000000e5100000)
  from space 16384K, 77% used [0x00000000e5100000,0x00000000e5d53440,0x00000000e6100000)
  to   space 16896K, 0% used [0x00000000e7b00000,0x00000000e7b00000,0x00000000e8b80000)
 ParOldGen       total 150528K, used 40043K [0x000000008a600000, 0x0000000093900000, 0x00000000d8d00000)
  object space 150528K, 26% used [0x000000008a600000,0x000000008cd1ae30,0x0000000093900000)
 Metaspace       used 57883K, capacity 58791K, committed 59028K, reserved 1099776K
  class space    used 7956K, capacity 8181K, committed 8192K, reserved 1048576K
Event: 13.427 GC heap after
Heap after GC invocations=18 (full 2):
 PSYoungGen      total 237568K, used 15299K [0x00000000d8d00000, 0x00000000e8a00000, 0x0000000100000000)
  eden space 222208K, 0% used [0x00000000d8d00000,0x00000000d8d00000,0x00000000e6600000)
  from space 15360K, 99% used [0x00000000e7b00000,0x00000000e89f0d30,0x00000000e8a00000)
  to   space 18432K, 0% used [0x00000000e6600000,0x00000000e6600000,0x00000000e7800000)
 ParOldGen       total 150528K, used 40051K [0x000000008a600000, 0x0000000093900000, 0x00000000d8d00000)
  object space 150528K, 26% used [0x000000008a600000,0x000000008cd1ce30,0x0000000093900000)
 Metaspace       used 57883K, capacity 58791K, committed 59028K, reserved 1099776K
  class space    used 7956K, capacity 8181K, committed 8192K, reserved 1048576K
}
Event: 13.427 GC heap before
{Heap before GC invocations=19 (full 3):
 PSYoungGen      total 237568K, used 15299K [0x00000000d8d00000, 0x00000000e8a00000, 0x0000000100000000)
  eden space 222208K, 0% used [0x00000000d8d00000,0x00000000d8d00000,0x00000000e6600000)
  from space 15360K, 99% used [0x00000000e7b00000,0x00000000e89f0d30,0x00000000e8a00000)
  to   space 18432K, 0% used [0x00000000e6600000,0x00000000e6600000,0x00000000e7800000)
 ParOldGen       total 150528K, used 40051K [0x000000008a600000, 0x0000000093900000, 0x00000000d8d00000)
  object space 150528K, 26% used [0x000000008a600000,0x000000008cd1ce30,0x0000000093900000)
 Metaspace       used 57883K, capacity 58791K, committed 59028K, reserved 1099776K
  class space    used 7956K, capacity 8181K, committed 8192K, reserved 1048576K
Event: 13.591 GC heap after
Heap after GC invocations=19 (full 3):
 PSYoungGen      total 237568K, used 0K [0x00000000d8d00000, 0x00000000e8a00000, 0x0000000100000000)
  eden space 222208K, 0% used [0x00000000d8d00000,0x00000000d8d00000,0x00000000e6600000)
  from space 15360K, 0% used [0x00000000e7b00000,0x00000000e7b00000,0x00000000e8a00000)
  to   space 18432K, 0% used [0x00000000e6600000,0x00000000e6600000,0x00000000e7800000)
 ParOldGen       total 205312K, used 52384K [0x000000008a600000, 0x0000000096e80000, 0x00000000d8d00000)
  object space 205312K, 25% used [0x000000008a600000,0x000000008d9281e0,0x0000000096e80000)
 Metaspace       used 57831K, capacity 58711K, committed 59028K, reserved 1099776K
  class space    used 7946K, capacity 8161K, committed 8192K, reserved 1048576K
}

