# JRE version: Java(TM) SE Runtime Environment (8.0_202-b08) (build 1.8.0_202-b08)
# Java VM: Java HotSpot(TM) 64-Bit Server VM (25.202-b08 mixed mode windows-amd64 compressed oops)
Heap:
 PSYoungGen      total 216576K, used 81197K [0x00000000d8d00000, 0x00000000e8a00000, 0x0000000100000000)
  eden space 200192K, 34% used [0x00000000d8d00000,0x00000000dd022918,0x00000000e5080000)
  from space 16384K, 75% used [0x00000000e5080000,0x00000000e5ca8d10,0x00000000e6080000)
  to   space 16896K, 0% used [0x00000000e7980000,0x00000000e7980000,0x00000000e8a00000)
 ParOldGen       total 151040K, used 40060K [0x000000008a600000, 0x0000000093980000, 0x00000000d8d00000)
  object space 151040K, 26% used [0x000000008a600000,0x000000008cd1f198,0x0000000093980000)
 Metaspace       used 54280K, capacity 55053K, committed 55552K, reserved 1097728K
  class space    used 7482K, capacity 7674K, committed 7680K, reserved 1048576K
GC Heap History (10 events):
Event: 4.541 GC heap before
{Heap before GC invocations=13 (full 2):
 PSYoungGen      total 177152K, used 159232K [0x00000000d8d00000, 0x00000000e4d80000, 0x0000000100000000)
  eden space 159232K, 100% used [0x00000000d8d00000,0x00000000e2880000,0x00000000e2880000)
  from space 17920K, 0% used [0x00000000e3980000,0x00000000e3980000,0x00000000e4b00000)
  to   space 17408K, 0% used [0x00000000e2880000,0x00000000e2880000,0x00000000e3980000)
 ParOldGen       total 151040K, used 40020K [0x000000008a600000, 0x0000000093980000, 0x00000000d8d00000)
  object space 151040K, 26% used [0x000000008a600000,0x000000008cd15198,0x0000000093980000)
 Metaspace       used 41999K, capacity 42415K, committed 43008K, reserved 1087488K
  class space    used 5710K, capacity 5852K, committed 5888K, reserved 1048576K
Event: 4.546 GC heap after
Heap after GC invocations=13 (full 2):
 PSYoungGen      total 176640K, used 9137K [0x00000000d8d00000, 0x00000000e5e00000, 0x0000000100000000)
  eden space 159232K, 0% used [0x00000000d8d00000,0x00000000d8d00000,0x00000000e2880000)
  from space 17408K, 52% used [0x00000000e2880000,0x00000000e316c748,0x00000000e3980000)
  to   space 16896K, 0% used [0x00000000e4d80000,0x00000000e4d80000,0x00000000e5e00000)
 ParOldGen       total 151040K, used 40028K [0x000000008a600000, 0x0000000093980000, 0x00000000d8d00000)
  object space 151040K, 26% used [0x000000008a600000,0x000000008cd17198,0x0000000093980000)
 Metaspace       used 41999K, capacity 42415K, committed 43008K, reserved 1087488K
  class space    used 5710K, capacity 5852K, committed 5888K, reserved 1048576K
}
Event: 5.703 GC heap before
{Heap before GC invocations=14 (full 2):
 PSYoungGen      total 176640K, used 168297K [0x00000000d8d00000, 0x00000000e5e00000, 0x0000000100000000)
  eden space 159232K, 99% used [0x00000000d8d00000,0x00000000e286dd50,0x00000000e2880000)
  from space 17408K, 52% used [0x00000000e2880000,0x00000000e316c748,0x00000000e3980000)
  to   space 16896K, 0% used [0x00000000e4d80000,0x00000000e4d80000,0x00000000e5e00000)
 ParOldGen       total 151040K, used 40028K [0x000000008a600000, 0x0000000093980000, 0x00000000d8d00000)
  object space 151040K, 26% used [0x000000008a600000,0x000000008cd17198,0x0000000093980000)
 Metaspace       used 43565K, capacity 43969K, committed 44544K, reserved 1087488K
  class space    used 5910K, capacity 6047K, committed 6144K, reserved 1048576K
Event: 5.707 GC heap after
Heap after GC invocations=14 (full 2):
 PSYoungGen      total 190976K, used 5785K [0x00000000d8d00000, 0x00000000e5b00000, 0x0000000100000000)
  eden space 177152K, 0% used [0x00000000d8d00000,0x00000000d8d00000,0x00000000e3a00000)
  from space 13824K, 41% used [0x00000000e4d80000,0x00000000e53267e8,0x00000000e5b00000)
  to   space 16896K, 0% used [0x00000000e3a00000,0x00000000e3a00000,0x00000000e4a80000)
 ParOldGen       total 151040K, used 40036K [0x000000008a600000, 0x0000000093980000, 0x00000000d8d00000)
  object space 151040K, 26% used [0x000000008a600000,0x000000008cd19198,0x0000000093980000)
 Metaspace       used 43565K, capacity 43969K, committed 44544K, reserved 1087488K
  class space    used 5910K, capacity 6047K, committed 6144K, reserved 1048576K
}
Event: 5.827 GC heap before
{Heap before GC invocations=15 (full 2):
 PSYoungGen      total 190976K, used 182937K [0x00000000d8d00000, 0x00000000e5b00000, 0x0000000100000000)
  eden space 177152K, 100% used [0x00000000d8d00000,0x00000000e3a00000,0x00000000e3a00000)
  from space 13824K, 41% used [0x00000000e4d80000,0x00000000e53267e8,0x00000000e5b00000)
  to   space 16896K, 0% used [0x00000000e3a00000,0x00000000e3a00000,0x00000000e4a80000)
 ParOldGen       total 151040K, used 40036K [0x000000008a600000, 0x0000000093980000, 0x00000000d8d00000)
  object space 151040K, 26% used [0x000000008a600000,0x000000008cd19198,0x0000000093980000)
 Metaspace       used 44449K, capacity 45043K, committed 45440K, reserved 1089536K
  class space    used 6043K, capacity 6221K, committed 6272K, reserved 1048576K
Event: 5.830 GC heap after
Heap after GC invocations=15 (full 2):
 PSYoungGen      total 194048K, used 6129K [0x00000000d8d00000, 0x00000000e7200000, 0x0000000100000000)
  eden space 177152K, 0% used [0x00000000d8d00000,0x00000000d8d00000,0x00000000e3a00000)
  from space 16896K, 36% used [0x00000000e3a00000,0x00000000e3ffc720,0x00000000e4a80000)
  to   space 16896K, 0% used [0x00000000e6180000,0x00000000e6180000,0x00000000e7200000)
 ParOldGen       total 151040K, used 40044K [0x000000008a600000, 0x0000000093980000, 0x00000000d8d00000)
  object space 151040K, 26% used [0x000000008a600000,0x000000008cd1b198,0x0000000093980000)
 Metaspace       used 44449K, capacity 45043K, committed 45440K, reserved 1089536K
  class space    used 6043K, capacity 6221K, committed 6272K, reserved 1048576K
}
Event: 6.229 GC heap before
{Heap before GC invocations=16 (full 2):
 PSYoungGen      total 194048K, used 183281K [0x00000000d8d00000, 0x00000000e7200000, 0x0000000100000000)
  eden space 177152K, 100% used [0x00000000d8d00000,0x00000000e3a00000,0x00000000e3a00000)
  from space 16896K, 36% used [0x00000000e3a00000,0x00000000e3ffc720,0x00000000e4a80000)
  to   space 16896K, 0% used [0x00000000e6180000,0x00000000e6180000,0x00000000e7200000)
 ParOldGen       total 151040K, used 40044K [0x000000008a600000, 0x0000000093980000, 0x00000000d8d00000)
  object space 151040K, 26% used [0x000000008a600000,0x000000008cd1b198,0x0000000093980000)
 Metaspace       used 48364K, capacity 48971K, committed 49280K, reserved 1091584K
  class space    used 6609K, capacity 6783K, committed 6784K, reserved 1048576K
Event: 6.235 GC heap after
Heap after GC invocations=16 (full 2):
 PSYoungGen      total 215552K, used 10354K [0x00000000d8d00000, 0x00000000e7080000, 0x0000000100000000)
  eden space 200192K, 0% used [0x00000000d8d00000,0x00000000d8d00000,0x00000000e5080000)
  from space 15360K, 67% used [0x00000000e6180000,0x00000000e6b9ca60,0x00000000e7080000)
  to   space 16384K, 0% used [0x00000000e5080000,0x00000000e5080000,0x00000000e6080000)
 ParOldGen       total 151040K, used 40052K [0x000000008a600000, 0x0000000093980000, 0x00000000d8d00000)
  object space 151040K, 26% used [0x000000008a600000,0x000000008cd1d198,0x0000000093980000)
 Metaspace       used 48364K, capacity 48971K, committed 49280K, reserved 1091584K
  class space    used 6609K, capacity 6783K, committed 6784K, reserved 1048576K
}
Event: 6.703 GC heap before
{Heap before GC invocations=17 (full 2):
 PSYoungGen      total 215552K, used 210546K [0x00000000d8d00000, 0x00000000e7080000, 0x0000000100000000)
  eden space 200192K, 100% used [0x00000000d8d00000,0x00000000e5080000,0x00000000e5080000)
  from space 15360K, 67% used [0x00000000e6180000,0x00000000e6b9ca60,0x00000000e7080000)
  to   space 16384K, 0% used [0x00000000e5080000,0x00000000e5080000,0x00000000e6080000)
 ParOldGen       total 151040K, used 40052K [0x000000008a600000, 0x0000000093980000, 0x00000000d8d00000)
  object space 151040K, 26% used [0x000000008a600000,0x000000008cd1d198,0x0000000093980000)
 Metaspace       used 52530K, capacity 53183K, committed 53632K, reserved 1095680K
  class space    used 7268K, capacity 7436K, committed 7552K, reserved 1048576K
Event: 6.709 GC heap after
Heap after GC invocations=17 (full 2):
 PSYoungGen      total 216576K, used 12451K [0x00000000d8d00000, 0x00000000e8a00000, 0x0000000100000000)
  eden space 200192K, 0% used [0x00000000d8d00000,0x00000000d8d00000,0x00000000e5080000)
  from space 16384K, 75% used [0x00000000e5080000,0x00000000e5ca8d10,0x00000000e6080000)
  to   space 16896K, 0% used [0x00000000e7980000,0x00000000e7980000,0x00000000e8a00000)
 ParOldGen       total 151040K, used 40060K [0x000000008a600000, 0x0000000093980000, 0x00000000d8d00000)
  object space 151040K, 26% used [0x000000008a600000,0x000000008cd1f198,0x0000000093980000)
 Metaspace       used 52530K, capacity 53183K, committed 53632K, reserved 1095680K
  class space    used 7268K, capacity 7436K, committed 7552K, reserved 1048576K
}

