# JRE version: Java(TM) SE Runtime Environment (8.0_202-b08) (build 1.8.0_202-b08)
# Java VM: Java HotSpot(TM) 64-Bit Server VM (25.202-b08 mixed mode windows-amd64 compressed oops)
Heap:
 PSYoungGen      total 197120K, used 107915K [0x00000000d8d00000, 0x00000000e7800000, 0x0000000100000000)
  eden space 180224K, 56% used [0x00000000d8d00000,0x00000000df0555b0,0x00000000e3d00000)
  from space 16896K, 36% used [0x00000000e3d00000,0x00000000e430d848,0x00000000e4d80000)
  to   space 16896K, 0% used [0x00000000e6780000,0x00000000e6780000,0x00000000e7800000)
 ParOldGen       total 150528K, used 39942K [0x000000008a600000, 0x0000000093900000, 0x00000000d8d00000)
  object space 150528K, 26% used [0x000000008a600000,0x000000008cd01ba8,0x0000000093900000)
 Metaspace       used 46920K, capacity 47557K, committed 48128K, reserved 1091584K
  class space    used 6408K, capacity 6590K, committed 6656K, reserved 1048576K
GC Heap History (10 events):
Event: 3.683 GC heap before
{Heap before GC invocations=11 (full 1):
 PSYoungGen      total 163328K, used 71309K [0x00000000d8d00000, 0x00000000e4c80000, 0x0000000100000000)
  eden space 144896K, 41% used [0x00000000d8d00000,0x00000000dc82b990,0x00000000e1a80000)
  from space 18432K, 58% used [0x00000000e1a80000,0x00000000e24f7c40,0x00000000e2c80000)
  to   space 17920K, 0% used [0x00000000e3b00000,0x00000000e3b00000,0x00000000e4c80000)
 ParOldGen       total 106496K, used 35761K [0x000000008a600000, 0x0000000090e00000, 0x00000000d8d00000)
  object space 106496K, 33% used [0x000000008a600000,0x000000008c8ec760,0x0000000090e00000)
 Metaspace       used 34800K, capacity 35115K, committed 35416K, reserved 1079296K
  class space    used 4726K, capacity 4841K, committed 4864K, reserved 1048576K
Event: 3.689 GC heap after
Heap after GC invocations=11 (full 1):
 PSYoungGen      total 178688K, used 11093K [0x00000000d8d00000, 0x00000000e4f80000, 0x0000000100000000)
  eden space 160768K, 0% used [0x00000000d8d00000,0x00000000d8d00000,0x00000000e2a00000)
  from space 17920K, 61% used [0x00000000e3b00000,0x00000000e45d5420,0x00000000e4c80000)
  to   space 17408K, 0% used [0x00000000e2a00000,0x00000000e2a00000,0x00000000e3b00000)
 ParOldGen       total 106496K, used 35769K [0x000000008a600000, 0x0000000090e00000, 0x00000000d8d00000)
  object space 106496K, 33% used [0x000000008a600000,0x000000008c8ee760,0x0000000090e00000)
 Metaspace       used 34800K, capacity 35115K, committed 35416K, reserved 1079296K
  class space    used 4726K, capacity 4841K, committed 4864K, reserved 1048576K
}
Event: 3.689 GC heap before
{Heap before GC invocations=12 (full 2):
 PSYoungGen      total 178688K, used 11093K [0x00000000d8d00000, 0x00000000e4f80000, 0x0000000100000000)
  eden space 160768K, 0% used [0x00000000d8d00000,0x00000000d8d00000,0x00000000e2a00000)
  from space 17920K, 61% used [0x00000000e3b00000,0x00000000e45d5420,0x00000000e4c80000)
  to   space 17408K, 0% used [0x00000000e2a00000,0x00000000e2a00000,0x00000000e3b00000)
 ParOldGen       total 106496K, used 35769K [0x000000008a600000, 0x0000000090e00000, 0x00000000d8d00000)
  object space 106496K, 33% used [0x000000008a600000,0x000000008c8ee760,0x0000000090e00000)
 Metaspace       used 34800K, capacity 35115K, committed 35416K, reserved 1079296K
  class space    used 4726K, capacity 4841K, committed 4864K, reserved 1048576K
Event: 3.746 GC heap after
Heap after GC invocations=12 (full 2):
 PSYoungGen      total 178688K, used 0K [0x00000000d8d00000, 0x00000000e4f80000, 0x0000000100000000)
  eden space 160768K, 0% used [0x00000000d8d00000,0x00000000d8d00000,0x00000000e2a00000)
  from space 17920K, 0% used [0x00000000e3b00000,0x00000000e3b00000,0x00000000e4c80000)
  to   space 17408K, 0% used [0x00000000e2a00000,0x00000000e2a00000,0x00000000e3b00000)
 ParOldGen       total 150528K, used 39918K [0x000000008a600000, 0x0000000093900000, 0x00000000d8d00000)
  object space 150528K, 26% used [0x000000008a600000,0x000000008ccfbba8,0x0000000093900000)
 Metaspace       used 34800K, capacity 35115K, committed 35416K, reserved 1079296K
  class space    used 4726K, capacity 4841K, committed 4864K, reserved 1048576K
}
Event: 4.554 GC heap before
{Heap before GC invocations=13 (full 2):
 PSYoungGen      total 178688K, used 160768K [0x00000000d8d00000, 0x00000000e4f80000, 0x0000000100000000)
  eden space 160768K, 100% used [0x00000000d8d00000,0x00000000e2a00000,0x00000000e2a00000)
  from space 17920K, 0% used [0x00000000e3b00000,0x00000000e3b00000,0x00000000e4c80000)
  to   space 17408K, 0% used [0x00000000e2a00000,0x00000000e2a00000,0x00000000e3b00000)
 ParOldGen       total 150528K, used 39918K [0x000000008a600000, 0x0000000093900000, 0x00000000d8d00000)
  object space 150528K, 26% used [0x000000008a600000,0x000000008ccfbba8,0x0000000093900000)
 Metaspace       used 42033K, capacity 42427K, committed 43008K, reserved 1087488K
  class space    used 5714K, capacity 5854K, committed 5888K, reserved 1048576K
Event: 4.559 GC heap after
Heap after GC invocations=13 (full 2):
 PSYoungGen      total 178176K, used 9667K [0x00000000d8d00000, 0x00000000e6100000, 0x0000000100000000)
  eden space 160768K, 0% used [0x00000000d8d00000,0x00000000d8d00000,0x00000000e2a00000)
  from space 17408K, 55% used [0x00000000e2a00000,0x00000000e3370d20,0x00000000e3b00000)
  to   space 16896K, 0% used [0x00000000e5080000,0x00000000e5080000,0x00000000e6100000)
 ParOldGen       total 150528K, used 39926K [0x000000008a600000, 0x0000000093900000, 0x00000000d8d00000)
  object space 150528K, 26% used [0x000000008a600000,0x000000008ccfdba8,0x0000000093900000)
 Metaspace       used 42033K, capacity 42427K, committed 43008K, reserved 1087488K
  class space    used 5714K, capacity 5854K, committed 5888K, reserved 1048576K
}
Event: 5.725 GC heap before
{Heap before GC invocations=14 (full 2):
 PSYoungGen      total 178176K, used 170406K [0x00000000d8d00000, 0x00000000e6100000, 0x0000000100000000)
  eden space 160768K, 99% used [0x00000000d8d00000,0x00000000e29f8cd8,0x00000000e2a00000)
  from space 17408K, 55% used [0x00000000e2a00000,0x00000000e3370d20,0x00000000e3b00000)
  to   space 16896K, 0% used [0x00000000e5080000,0x00000000e5080000,0x00000000e6100000)
 ParOldGen       total 150528K, used 39926K [0x000000008a600000, 0x0000000093900000, 0x00000000d8d00000)
  object space 150528K, 26% used [0x000000008a600000,0x000000008ccfdba8,0x0000000093900000)
 Metaspace       used 43553K, capacity 43969K, committed 44544K, reserved 1087488K
  class space    used 5911K, capacity 6047K, committed 6144K, reserved 1048576K
Event: 5.729 GC heap after
Heap after GC invocations=14 (full 2):
 PSYoungGen      total 194048K, used 5783K [0x00000000d8d00000, 0x00000000e5e00000, 0x0000000100000000)
  eden space 180224K, 0% used [0x00000000d8d00000,0x00000000d8d00000,0x00000000e3d00000)
  from space 13824K, 41% used [0x00000000e5080000,0x00000000e5625e90,0x00000000e5e00000)
  to   space 16896K, 0% used [0x00000000e3d00000,0x00000000e3d00000,0x00000000e4d80000)
 ParOldGen       total 150528K, used 39934K [0x000000008a600000, 0x0000000093900000, 0x00000000d8d00000)
  object space 150528K, 26% used [0x000000008a600000,0x000000008ccffba8,0x0000000093900000)
 Metaspace       used 43553K, capacity 43969K, committed 44544K, reserved 1087488K
  class space    used 5911K, capacity 6047K, committed 6144K, reserved 1048576K
}
Event: 5.865 GC heap before
{Heap before GC invocations=15 (full 2):
 PSYoungGen      total 194048K, used 186007K [0x00000000d8d00000, 0x00000000e5e00000, 0x0000000100000000)
  eden space 180224K, 100% used [0x00000000d8d00000,0x00000000e3d00000,0x00000000e3d00000)
  from space 13824K, 41% used [0x00000000e5080000,0x00000000e5625e90,0x00000000e5e00000)
  to   space 16896K, 0% used [0x00000000e3d00000,0x00000000e3d00000,0x00000000e4d80000)
 ParOldGen       total 150528K, used 39934K [0x000000008a600000, 0x0000000093900000, 0x00000000d8d00000)
  object space 150528K, 26% used [0x000000008a600000,0x000000008ccffba8,0x0000000093900000)
 Metaspace       used 44513K, capacity 45075K, committed 45440K, reserved 1089536K
  class space    used 6064K, capacity 6253K, committed 6272K, reserved 1048576K
Event: 5.869 GC heap after
Heap after GC invocations=15 (full 2):
 PSYoungGen      total 197120K, used 6198K [0x00000000d8d00000, 0x00000000e7800000, 0x0000000100000000)
  eden space 180224K, 0% used [0x00000000d8d00000,0x00000000d8d00000,0x00000000e3d00000)
  from space 16896K, 36% used [0x00000000e3d00000,0x00000000e430d848,0x00000000e4d80000)
  to   space 16896K, 0% used [0x00000000e6780000,0x00000000e6780000,0x00000000e7800000)
 ParOldGen       total 150528K, used 39942K [0x000000008a600000, 0x0000000093900000, 0x00000000d8d00000)
  object space 150528K, 26% used [0x000000008a600000,0x000000008cd01ba8,0x0000000093900000)
 Metaspace       used 44513K, capacity 45075K, committed 45440K, reserved 1089536K
  class space    used 6064K, capacity 6253K, committed 6272K, reserved 1048576K
}

